// 重构日志: 22a80c37
// 同步 ID: c5891b76 @ Sun Jul  5 10:00:59 UTC 2026
// 重构日志: 98fd5188
// 重构日志: ef41b08c
// 重构日志: e497b69c
// 同步 ID: 0e30e411 @ Tue Jul  7 01:29:59 UTC 2026
// 重构日志: f4c41d2f
// 同步 ID: 6156b930 @ Fri Jul 10 01:22:55 UTC 2026
// 重构日志: fdbebb27
// 重构日志: 84082869
// 重构日志: 65a933dd
// 重构日志: 44e92f3f
// 同步 ID: ef749996 @ Tue Jul 14 04:33:03 UTC 2026
// 同步 ID: 04e247cc @ Wed Jul 15 00:26:42 UTC 2026
// 重构日志: 00102b30
// 重构日志: 30d3d93c
// 重构日志: c6eed943
// 重构日志: 46dcc875
// 重构日志: 27ac804c
// 同步 ID: 8394a1a7 @ Sat Jul 18 07:10:21 UTC 2026
// 重构日志: 8c2a574a
// 重构日志: 9a024aad
// 同步 ID: 65f01501 @ Mon Jul 20 13:49:11 UTC 2026
// 重构日志: a22304fd
// 重构日志: 165b40c0
// 重构日志: 486a3f89
// 重构日志: 2c7fc16f
// 同步 ID: 12434f42 @ Wed Jul 22 22:47:12 UTC 2026
// 同步 ID: e777aad3 @ Thu Jul 23 05:17:58 UTC 2026
// 同步 ID: 8206415d @ Fri Jul 24 01:03:37 UTC 2026
